Build started 01/05/2015 10:12:14.
     1>Project "C:\Users\Sabin\Desktop\Photometric-Stereo-master\3D photometric.vcxproj" on node 2 (Build target(s)).
     1>ClCompile:
         C:\Program Files (x86)\Microsoft Visual Studio 12.0\VC\bin\CL.exe /c /IC:\vtk\bin\lib\Debug /IC:\vtk\src /IC:\vtk\bin\bin\Debug /IC:\opencv\opencv\build\include /AIC:\vtk\bin\bin\Debug /AIC:\vtk\src /AIC:\vtk\bin\lib\Debug /Zi /nologo /W3 /WX- /Od /Oy- /D WIN32 /D _DEBUG /D _WINDOWS /Gm /EHsc /RTC1 /MDd /GS /fp:precise /Zc:wchar_t /Zc:forScope /Fo"Debug\\" /Fd"Debug\vc120.pdb" /Gd /TP /analyze- /errorReport:prompt src\main.cpp
         main.cpp
     1>C:\vtk\src\Common\Core\vtkObject.h(41): fatal error C1083: Cannot open include file: 'vtkCommonCoreModule.h': No such file or directory
     1>Done Building Project "C:\Users\Sabin\Desktop\Photometric-Stereo-master\3D photometric.vcxproj" (Build target(s)) -- FAILED.

Build FAILED.

Time Elapsed 00:00:02.13
